c:\users\student\desktop\2024_action_git\2024_action_0\2024_project0\debug\vc142.pdb
c:\users\student\desktop\2024_action_git\2024_action_0\2024_project0\debug\vc142.idb
c:\users\student\desktop\2024_action_git\2024_action_0\2024_project0\debug\model.obj
c:\users\student\desktop\2024_action_git\2024_action_0\2024_project0\debug\meshfield.obj
c:\users\student\desktop\2024_action_git\2024_action_0\2024_project0\debug\manager.obj
c:\users\student\desktop\2024_action_git\2024_action_0\2024_project0\debug\main.obj
c:\users\student\desktop\2024_action_git\2024_action_0\2024_project0\debug\light.obj
c:\users\student\desktop\2024_action_git\2024_action_0\2024_project0\debug\lifegage.obj
c:\users\student\desktop\2024_action_git\2024_action_0\2024_project0\debug\input.obj
c:\users\student\desktop\2024_action_git\2024_action_0\2024_project0\debug\fade.obj
c:\users\student\desktop\2024_action_git\2024_action_0\2024_project0\debug\explosion.obj
c:\users\student\desktop\2024_action_git\2024_action_0\2024_project0\debug\enemy.obj
c:\users\student\desktop\2024_action_git\2024_action_0\2024_project0\debug\effekseercontrol.obj
c:\users\student\desktop\2024_action_git\2024_action_0\2024_project0\debug\effect.obj
c:\users\student\desktop\2024_action_git\2024_action_0\2024_project0\debug\depthshadow.obj
c:\users\student\desktop\2024_action_git\2024_action_0\2024_project0\debug\debugproc.obj
c:\users\student\desktop\2024_action_git\2024_action_0\2024_project0\debug\collision.obj
c:\users\student\desktop\2024_action_git\2024_action_0\2024_project0\debug\camera.obj
c:\users\student\desktop\2024_action_git\2024_action_0\2024_project0\debug\bullet.obj
c:\users\student\desktop\2024_action_git\2024_action_0\2024_project0\debug\billboard.obj
c:\users\student\desktop\2024_action_git\2024_action_0\2024_project0\debug\audience.obj
c:\users\student\desktop\2024_action_git\2024_action_0\2024_project0\debug\animbillboard.obj
c:\users\student\desktop\2024_action_git\2024_action_0\2024_project0\debug\ztexture.obj
c:\users\student\desktop\2024_action_git\2024_action_0\2024_project0\debug\xmanager.obj
c:\users\student\desktop\2024_action_git\2024_action_0\2024_project0\debug\xfile.obj
c:\users\student\desktop\2024_action_git\2024_action_0\2024_project0\debug\texture.obj
c:\users\student\desktop\2024_action_git\2024_action_0\2024_project0\debug\supporter.obj
c:\users\student\desktop\2024_action_git\2024_action_0\2024_project0\debug\sound.obj
c:\users\student\desktop\2024_action_git\2024_action_0\2024_project0\debug\shader.obj
c:\users\student\desktop\2024_action_git\2024_action_0\2024_project0\debug\scene.obj
c:\users\student\desktop\2024_action_git\2024_action_0\2024_project0\debug\renderer.obj
c:\users\student\desktop\2024_action_git\2024_action_0\2024_project0\debug\player.obj
c:\users\student\desktop\2024_action_git\2024_action_0\2024_project0\debug\orbit.obj
c:\users\student\desktop\2024_action_git\2024_action_0\2024_project0\debug\objectx.obj
c:\users\student\desktop\2024_action_git\2024_action_0\2024_project0\debug\object3d.obj
c:\users\student\desktop\2024_action_git\2024_action_0\2024_project0\debug\object2d.obj
c:\users\student\desktop\2024_action_git\2024_action_0\2024_project0\debug\object.obj
c:\users\student\desktop\2024_action_git\2024_action_0\2024_project0\debug\motion.obj
c:\users\student\desktop\2024_action_git\2024_action_0\2024_project0\debug\c++game_basis.exe
c:\users\student\desktop\2024_action_git\2024_action_0\2024_project0\debug\c++game_basis.ilk
c:\users\student\desktop\2024_action_git\2024_action_0\2024_project0\debug\c++game_basis.pdb
c:\users\student\desktop\2024_action_git\2024_action_0\2024_project0\debug\c++game_basis.tlog\cl.command.1.tlog
c:\users\student\desktop\2024_action_git\2024_action_0\2024_project0\debug\c++game_basis.tlog\cl.read.1.tlog
c:\users\student\desktop\2024_action_git\2024_action_0\2024_project0\debug\c++game_basis.tlog\cl.write.1.tlog
c:\users\student\desktop\2024_action_git\2024_action_0\2024_project0\debug\c++game_basis.tlog\link.command.1.tlog
c:\users\student\desktop\2024_action_git\2024_action_0\2024_project0\debug\c++game_basis.tlog\link.read.1.tlog
c:\users\student\desktop\2024_action_git\2024_action_0\2024_project0\debug\c++game_basis.tlog\link.write.1.tlog
