c:\users\student\desktop\2024_action_git\2024_action_0\2024_project0\c++game_basis.ipdb
c:\users\student\desktop\2024_action_git\2024_action_0\2024_project0\c++game_basis.iobj
c:\users\student\desktop\2024_action_git\2024_action_0\2024_project0\brightcheck.cso
c:\users\student\desktop\2024_action_git\2024_action_0\2024_project0\depthbufshadoweffect.cso
c:\users\student\desktop\2024_action_git\2024_action_0\2024_project0\gauss.cso
c:\users\student\desktop\2024_action_git\2024_action_0\2024_project0\ztexcreator.cso
c:\users\student\desktop\2024_action_git\2024_action_0\2024_project0\release\vc140.pdb
c:\users\student\desktop\2024_action_git\2024_action_0\2024_project0\release\object3d.obj
c:\users\student\desktop\2024_action_git\2024_action_0\2024_project0\release\object2d.obj
c:\users\student\desktop\2024_action_git\2024_action_0\2024_project0\release\object.obj
c:\users\student\desktop\2024_action_git\2024_action_0\2024_project0\release\motion.obj
c:\users\student\desktop\2024_action_git\2024_action_0\2024_project0\release\model.obj
c:\users\student\desktop\2024_action_git\2024_action_0\2024_project0\release\meshfield.obj
c:\users\student\desktop\2024_action_git\2024_action_0\2024_project0\release\manager.obj
c:\users\student\desktop\2024_action_git\2024_action_0\2024_project0\release\main.obj
c:\users\student\desktop\2024_action_git\2024_action_0\2024_project0\release\light.obj
c:\users\student\desktop\2024_action_git\2024_action_0\2024_project0\release\input.obj
c:\users\student\desktop\2024_action_git\2024_action_0\2024_project0\release\fade.obj
c:\users\student\desktop\2024_action_git\2024_action_0\2024_project0\release\enemy.obj
c:\users\student\desktop\2024_action_git\2024_action_0\2024_project0\release\depthshadow.obj
c:\users\student\desktop\2024_action_git\2024_action_0\2024_project0\release\debugproc.obj
c:\users\student\desktop\2024_action_git\2024_action_0\2024_project0\release\ztexture.obj
c:\users\student\desktop\2024_action_git\2024_action_0\2024_project0\release\xmanager.obj
c:\users\student\desktop\2024_action_git\2024_action_0\2024_project0\release\xfile.obj
c:\users\student\desktop\2024_action_git\2024_action_0\2024_project0\release\texture.obj
c:\users\student\desktop\2024_action_git\2024_action_0\2024_project0\release\supporter.obj
c:\users\student\desktop\2024_action_git\2024_action_0\2024_project0\release\sound.obj
c:\users\student\desktop\2024_action_git\2024_action_0\2024_project0\release\scene.obj
c:\users\student\desktop\2024_action_git\2024_action_0\2024_project0\release\renderer.obj
c:\users\student\desktop\2024_action_git\2024_action_0\2024_project0\release\player.obj
c:\users\student\desktop\2024_action_git\2024_action_0\2024_project0\release\orbit.obj
c:\users\student\desktop\2024_action_git\2024_action_0\2024_project0\release\objectx.obj
c:\users\student\desktop\2024_action_git\2024_action_0\2024_project0\release\animbillboard.obj
c:\users\student\desktop\2024_action_git\2024_action_0\2024_project0\release\effect.obj
c:\users\student\desktop\2024_action_git\2024_action_0\2024_project0\release\camera.obj
c:\users\student\desktop\2024_action_git\2024_action_0\2024_project0\release\bullet.obj
c:\users\student\desktop\2024_action_git\2024_action_0\2024_project0\release\billboard.obj
c:\users\student\desktop\2024_action_git\2024_action_0\2024_project0\release\audience.obj
c:\users\student\desktop\2024_action_git\2024_action_0\2024_project0\release\collision.obj
c:\users\student\desktop\2024_action_git\2024_action_0\2024_project0\release\lifegage.obj
c:\users\student\desktop\2024_action_git\2024_action_0\2024_project0\release\shader.obj
c:\users\student\desktop\2024_action_git\2024_action_0\2024_project0\release\explosion.obj
c:\users\student\desktop\2024_action_git\2024_action_0\2024_project0\release\vc142.pdb
c:\users\student\desktop\2024_action_git\2024_action_0\2024_project0\release\canimbillboard.obj
c:\users\student\desktop\2024_action_git\2024_action_0\2024_project0\release\effekseercontrol.obj
c:\users\student\desktop\2024_action_git\2024_action_0\2024_project0\c++game_basis.exe
c:\users\student\desktop\2024_action_git\2024_action_0\2024_project0\release\c++game_basis.ipdb
c:\users\student\desktop\2024_action_git\2024_action_0\2024_project0\release\c++game_basis.iobj
c:\users\student\desktop\2024_action_git\2024_action_0\2024_project0\c++game_basis.pdb
c:\users\student\desktop\2024_action_git\2024_action_0\2024_project0\release\nativecodeanalysis.read.1.tlog
c:\users\student\desktop\2024_action_git\2024_action_0\2024_project0\release\animbillboard.nativecodeanalysis.xml
c:\users\student\desktop\2024_action_git\2024_action_0\2024_project0\release\audience.nativecodeanalysis.xml
c:\users\student\desktop\2024_action_git\2024_action_0\2024_project0\release\billboard.nativecodeanalysis.xml
c:\users\student\desktop\2024_action_git\2024_action_0\2024_project0\release\bullet.nativecodeanalysis.xml
c:\users\student\desktop\2024_action_git\2024_action_0\2024_project0\release\camera.nativecodeanalysis.xml
c:\users\student\desktop\2024_action_git\2024_action_0\2024_project0\release\collision.nativecodeanalysis.xml
c:\users\student\desktop\2024_action_git\2024_action_0\2024_project0\release\debugproc.nativecodeanalysis.xml
c:\users\student\desktop\2024_action_git\2024_action_0\2024_project0\release\depthshadow.nativecodeanalysis.xml
c:\users\student\desktop\2024_action_git\2024_action_0\2024_project0\release\enemy.nativecodeanalysis.xml
c:\users\student\desktop\2024_action_git\2024_action_0\2024_project0\release\fade.nativecodeanalysis.xml
c:\users\student\desktop\2024_action_git\2024_action_0\2024_project0\release\input.nativecodeanalysis.xml
c:\users\student\desktop\2024_action_git\2024_action_0\2024_project0\release\light.nativecodeanalysis.xml
c:\users\student\desktop\2024_action_git\2024_action_0\2024_project0\release\main.nativecodeanalysis.xml
c:\users\student\desktop\2024_action_git\2024_action_0\2024_project0\release\manager.nativecodeanalysis.xml
c:\users\student\desktop\2024_action_git\2024_action_0\2024_project0\release\meshfield.nativecodeanalysis.xml
c:\users\student\desktop\2024_action_git\2024_action_0\2024_project0\release\model.nativecodeanalysis.xml
c:\users\student\desktop\2024_action_git\2024_action_0\2024_project0\release\motion.nativecodeanalysis.xml
c:\users\student\desktop\2024_action_git\2024_action_0\2024_project0\release\object.nativecodeanalysis.xml
c:\users\student\desktop\2024_action_git\2024_action_0\2024_project0\release\object2d.nativecodeanalysis.xml
c:\users\student\desktop\2024_action_git\2024_action_0\2024_project0\release\object3d.nativecodeanalysis.xml
c:\users\student\desktop\2024_action_git\2024_action_0\2024_project0\release\objectx.nativecodeanalysis.xml
c:\users\student\desktop\2024_action_git\2024_action_0\2024_project0\release\orbit.nativecodeanalysis.xml
c:\users\student\desktop\2024_action_git\2024_action_0\2024_project0\release\player.nativecodeanalysis.xml
c:\users\student\desktop\2024_action_git\2024_action_0\2024_project0\release\renderer.nativecodeanalysis.xml
c:\users\student\desktop\2024_action_git\2024_action_0\2024_project0\release\scene.nativecodeanalysis.xml
c:\users\student\desktop\2024_action_git\2024_action_0\2024_project0\release\sound.nativecodeanalysis.xml
c:\users\student\desktop\2024_action_git\2024_action_0\2024_project0\release\supporter.nativecodeanalysis.xml
c:\users\student\desktop\2024_action_git\2024_action_0\2024_project0\release\texture.nativecodeanalysis.xml
c:\users\student\desktop\2024_action_git\2024_action_0\2024_project0\release\vc.nativecodeanalysis.all.xml
c:\users\student\desktop\2024_action_git\2024_action_0\2024_project0\release\xfile.nativecodeanalysis.xml
c:\users\student\desktop\2024_action_git\2024_action_0\2024_project0\release\xmanager.nativecodeanalysis.xml
c:\users\student\desktop\2024_action_git\2024_action_0\2024_project0\release\ztexture.nativecodeanalysis.xml
c:\users\student\desktop\2024_action_git\2024_action_0\2024_project0\c++game_basis.exe.lastcodeanalysissucceeded
c:\users\student\desktop\2024_action_git\2024_action_0\2024_project0\release\c++game_basis.tlog\c++game_basis.write.1u.tlog
c:\users\student\desktop\2024_action_git\2024_action_0\2024_project0\release\c++game_basis.tlog\cl.command.1.tlog
c:\users\student\desktop\2024_action_git\2024_action_0\2024_project0\release\c++game_basis.tlog\cl.write.1.tlog
c:\users\student\desktop\2024_action_git\2024_action_0\2024_project0\release\c++game_basis.tlog\link.command.1.tlog
c:\users\student\desktop\2024_action_git\2024_action_0\2024_project0\release\c++game_basis.tlog\link.read.1.tlog
c:\users\student\desktop\2024_action_git\2024_action_0\2024_project0\release\c++game_basis.tlog\link.write.1.tlog
